#
# A fatal error has been detected by the Java Runtime Environment:
#
#  EXCEPTION_ACCESS_VIOLATION (0xc0000005) at pc=0x6e97087a, pid=1292, tid=3012
#
# JRE version: 7.0_11-b21
# Java VM: Java HotSpot(TM) Client VM (23.6-b04 mixed mode windows-x86 )
# Problematic frame:
# V  [jvm.dll+0xa087a]
#
# Failed to write core dump. Minidumps are not enabled by default on client versions of Windows
#
# If you would like to submit a bug report, please visit:
#   http://bugreport.sun.com/bugreport/crash.jsp
#

---------------  T H R E A D  ---------------

Current thread (0x02aeb800):  VMThread [stack: 0x48cd0000,0x48d20000] [id=3012]

siginfo: ExceptionCode=0xc0000005, reading address 0x3e05eb7d

Registers:
EAX=0x00006200, EBX=0x1b16e104, ECX=0x00006000, EDX=0x0000abd2
ESP=0x48d1f8b8, EBP=0x48d1f8cc, ESI=0x3e05eb7d, EDI=0x1b16e000
EIP=0x6e97087a, EFLAGS=0x00010206

Top of Stack: (sp=0x48d1f8b8)
0x48d1f8b8:   00000000 1b26d398 00000001 0000abd2
0x48d1f8c8:   00000003 48d1f8f0 6ea44abd 1b1558f8
0x48d1f8d8:   00006200 6ebca5c8 1817bf30 003cc890
0x48d1f8e8:   48d1f8fc 6ea44e2b 48d1f8fc 6ea44e31
0x48d1f8f8:   6ebca5c8 48d1f910 6e945126 00000003
0x48d1f908:   6ebca5c8 003cc890 48d1f92c 6e941544
0x48d1f918:   6ebca5c8 00000000 6ebca5c8 6ebca5c8
0x48d1f928:   003cc890 48d1f96c 6e93b57f 01000001 

Instructions: (pc=0x6e97087a)
0x6e97085a:   8d 7c 8f 0c 89 45 0c 3b fb 0f 83 a7 00 00 00 56
0x6e97086a:   8d 9b 00 00 00 00 8b 37 85 f6 0f 84 84 00 00 00
0x6e97087a:   8b 06 83 e0 03 3c 03 74 7b 8b 06 c7 45 fc 03 00
0x6e97088a:   00 00 8b 4d fc 89 0e 80 3d fd c1 bb 6e 00 75 0a 


Register to memory mapping:

EAX=0x00006200 is an unknown value
EBX=0x1b16e104 is an oop
[Lcom.android.dx.util.IntList; 
 - klass: 'com/android/dx/util/IntList'[]
 - length: 43986
ECX=0x00006000 is an unknown value
EDX=0x0000abd2 is an unknown value
ESP=0x48d1f8b8 is an unknown value
EBP=0x48d1f8cc is an unknown value
ESI=0x3e05eb7d is an unallocated location in the heap
EDI=0x1b16e000 is an oop
[Lcom.android.dx.util.IntList; 
 - klass: 'com/android/dx/util/IntList'[]
 - length: 43986


Stack: [0x48cd0000,0x48d20000],  sp=0x48d1f8b8,  free space=318k
Native frames: (J=compiled Java code, j=interpreted, Vv=VM code, C=native code)
V  [jvm.dll+0xa087a]
V  [jvm.dll+0x174abd]
V  [jvm.dll+0x174e31]
V  [jvm.dll+0x75126]
V  [jvm.dll+0x71544]
V  [jvm.dll+0x6b57f]
V  [jvm.dll+0x6d44f]
V  [jvm.dll+0x6d8b0]
V  [jvm.dll+0x6c417]
V  [jvm.dll+0x73c03]
V  [jvm.dll+0x6afc2]
V  [jvm.dll+0x62573]
V  [jvm.dll+0x177476]
V  [jvm.dll+0x14f515]
V  [jvm.dll+0x14e68e]
V  [jvm.dll+0x14ea17]
V  [jvm.dll+0x14eee2]
V  [jvm.dll+0x17f009]
C  [msvcr100.dll+0x5c6de]  endthreadex+0x3a
C  [msvcr100.dll+0x5c788]  endthreadex+0xe4
C  [kernel32.dll+0xb713]  GetModuleFileNameA+0x1b4

VM_Operation (0x4923f15c): GenCollectForAllocation, mode: safepoint, requested by thread 0x48e9c800


---------------  P R O C E S S  ---------------

Java Threads: ( => current thread )
  0x48e98c00 JavaThread "pool-1-thread-4" [_thread_blocked, id=3832, stack(0x49290000,0x492e0000)]
  0x48e9bc00 JavaThread "pool-1-thread-3" [_thread_blocked, id=3608, stack(0x49240000,0x49290000)]
  0x48e9c800 JavaThread "pool-1-thread-2" [_thread_blocked, id=1200, stack(0x491f0000,0x49240000)]
  0x48e95800 JavaThread "pool-2-thread-1" [_thread_blocked, id=1876, stack(0x491a0000,0x491f0000)]
  0x48e84000 JavaThread "pool-1-thread-1" [_thread_blocked, id=3948, stack(0x49150000,0x491a0000)]
  0x48de9800 JavaThread "Service Thread" daemon [_thread_blocked, id=2028, stack(0x490b0000,0x49100000)]
  0x48de6400 JavaThread "C1 CompilerThread0" daemon [_thread_blocked, id=2928, stack(0x49060000,0x490b0000)]
  0x48de2000 JavaThread "Attach Listener" daemon [_thread_blocked, id=972, stack(0x49010000,0x49060000)]
  0x48de0800 JavaThread "Signal Dispatcher" daemon [_thread_blocked, id=2660, stack(0x48fc0000,0x49010000)]
  0x02af6400 JavaThread "Finalizer" daemon [_thread_blocked, id=2800, stack(0x48d70000,0x48dc0000)]
  0x02af1400 JavaThread "Reference Handler" daemon [_thread_blocked, id=1640, stack(0x48d20000,0x48d70000)]
  0x003c8800 JavaThread "main" [_thread_blocked, id=1660, stack(0x00910000,0x00960000)]

Other Threads:
=>0x02aeb800 VMThread [stack: 0x48cd0000,0x48d20000] [id=3012]
  0x48df4c00 WatcherThread [stack: 0x49100000,0x49150000] [id=1868]

VM state:at safepoint (normal execution)

VM Mutex/Monitor currently owned by a thread:  ([mutex/lock_event])
[0x003c7738] Threads_lock - owner thread: 0x02aeb800
[0x003c7b48] Heap_lock - owner thread: 0x48e9c800

Heap
 def new generation   total 24256K, used 2688K [0x02b10000, 0x04560000, 0x18060000)
  eden space 21568K,   0% used [0x02b10000, 0x02b10000, 0x04020000)
  from space 2688K, 100% used [0x04020000, 0x042c0000, 0x042c0000)
  to   space 2688K,   0% used [0x042c0000, 0x042c0000, 0x04560000)
 tenured generation   total 56104K, used 55982K [0x18060000, 0x1b72a000, 0x42b10000)
   the space 56104K,  99% used [0x18060000, 0x1b70bac0, 0x1b70bc00, 0x1b72a000)
 compacting perm gen  total 12288K, used 3330K [0x42b10000, 0x43710000, 0x46b10000)
   the space 12288K,  27% used [0x42b10000, 0x42e50980, 0x42e50a00, 0x43710000)
No shared spaces configured.

Card table byte_map: [0x48910000,0x48b40000] byte_map_base: 0x488fa780

Polling page: 0x00960000

Code Cache  [0x00990000, 0x00c28000, 0x02990000)
 total_blobs=1265 nmethods=1129 adapters=70 free_code_cache=30116Kb largest_free_block=30839040

Compilation events (10 events):
Event: 3.538 Thread 0x48de6400 1125             com.android.dx.cf.code.ByteCatchList$Item::getExceptionClass (18 bytes)
Event: 3.538 Thread 0x48de6400 nmethod 1125 0x00c255c8 code [0x00c256c0, 0x00c25750]
Event: 3.546 Thread 0x48de6400 1126   !         com.android.dx.rop.cst.CstType::intern (48 bytes)
Event: 3.546 Thread 0x48de6400 nmethod 1126 0x00c25788 code [0x00c258c0, 0x00c25b84]
Event: 3.664 Thread 0x48de6400 1127             com.android.dx.ssa.ConstCollector$1::compare (13 bytes)
Event: 3.665 Thread 0x48de6400 nmethod 1127 0x00c25d48 code [0x00c25e50, 0x00c25f2c]
Event: 3.665 Thread 0x48de6400 1128             com.android.dx.ssa.ConstCollector$1::compare (42 bytes)
Event: 3.665 Thread 0x48de6400 nmethod 1128 0x00c25fc8 code [0x00c26120, 0x00c26348]
Event: 3.678 Thread 0x48de6400 1129             java.util.TimSort::binarySort (223 bytes)
Event: 3.679 Thread 0x48de6400 nmethod 1129 0x00c26648 code [0x00c26780, 0x00c26b48]

GC Heap History (10 events):
Event: 3.140 GC heap after
Heap after GC invocations=35 (full 3):
 def new generation   total 24256K, used 2688K [0x02b10000, 0x04560000, 0x18060000)
  eden space 21568K,   0% used [0x02b10000, 0x02b10000, 0x04020000)
  from space 2688K, 100% used [0x042c0000, 0x04560000, 0x04560000)
  to   space 2688K,   0% used [0x04020000, 0x04020000, 0x042c0000)
 tenured generation   total 53800K, used 40066K [0x18060000, 0x1b4ea000, 0x42b10000)
   the space 53800K,  74% used [0x18060000, 0x1a780bf0, 0x1a780c00, 0x1b4ea000)
 compacting perm gen  total 12288K, used 3330K [0x42b10000, 0x43710000, 0x46b10000)
   the space 12288K,  27% used [0x42b10000, 0x42e50960, 0x42e50a00, 0x43710000)
No shared spaces configured.
}
Event: 3.228 GC heap before
{Heap before GC invocations=35 (full 3):
 def new generation   total 24256K, used 24256K [0x02b10000, 0x04560000, 0x18060000)
  eden space 21568K, 100% used [0x02b10000, 0x04020000, 0x04020000)
  from space 2688K, 100% used [0x042c0000, 0x04560000, 0x04560000)
  to   space 2688K,   0% used [0x04020000, 0x04020000, 0x042c0000)
 tenured generation   total 53800K, used 40066K [0x18060000, 0x1b4ea000, 0x42b10000)
   the space 53800K,  74% used [0x18060000, 0x1a780bf0, 0x1a780c00, 0x1b4ea000)
 compacting perm gen  total 12288K, used 3330K [0x42b10000, 0x43710000, 0x46b10000)
   the space 12288K,  27% used [0x42b10000, 0x42e50970, 0x42e50a00, 0x43710000)
No shared spaces configured.
Event: 3.250 GC heap after
Heap after GC invocations=36 (full 3):
 def new generation   total 24256K, used 2688K [0x02b10000, 0x04560000, 0x18060000)
  eden space 21568K,   0% used [0x02b10000, 0x02b10000, 0x04020000)
  from space 2688K, 100% used [0x04020000, 0x042c0000, 0x042c0000)
  to   space 2688K,   0% used [0x042c0000, 0x042c0000, 0x04560000)
 tenured generation   total 53800K, used 42009K [0x18060000, 0x1b4ea000, 0x42b10000)
   the space 53800K,  78% used [0x18060000, 0x1a9664b8, 0x1a966600, 0x1b4ea000)
 compacting perm gen  total 12288K, used 3330K [0x42b10000, 0x43710000, 0x46b10000)
   the space 12288K,  27% used [0x42b10000, 0x42e50970, 0x42e50a00, 0x43710000)
No shared spaces configured.
}
Event: 3.337 GC heap before
{Heap before GC invocations=36 (full 3):
 def new generation   total 24256K, used 24256K [0x02b10000, 0x04560000, 0x18060000)
  eden space 21568K, 100% used [0x02b10000, 0x04020000, 0x04020000)
  from space 2688K, 100% used [0x04020000, 0x042c0000, 0x042c0000)
  to   space 2688K,   0% used [0x042c0000, 0x042c0000, 0x04560000)
 tenured generation   total 53800K, used 42009K [0x18060000, 0x1b4ea000, 0x42b10000)
   the space 53800K,  78% used [0x18060000, 0x1a9664b8, 0x1a966600, 0x1b4ea000)
 compacting perm gen  total 12288K, used 3330K [0x42b10000, 0x43710000, 0x46b10000)
   the space 12288K,  27% used [0x42b10000, 0x42e50970, 0x42e50a00, 0x43710000)
No shared spaces configured.
Event: 3.360 GC heap after
Heap after GC invocations=37 (full 3):
 def new generation   total 24256K, used 2688K [0x02b10000, 0x04560000, 0x18060000)
  eden space 21568K,   0% used [0x02b10000, 0x02b10000, 0x04020000)
  from space 2688K, 100% used [0x042c0000, 0x04560000, 0x04560000)
  to   space 2688K,   0% used [0x04020000, 0x04020000, 0x042c0000)
 tenured generation   total 53800K, used 44753K [0x18060000, 0x1b4ea000, 0x42b10000)
   the space 53800K,  83% used [0x18060000, 0x1ac14798, 0x1ac14800, 0x1b4ea000)
 compacting perm gen  total 12288K, used 3330K [0x42b10000, 0x43710000, 0x46b10000)
   the space 12288K,  27% used [0x42b10000, 0x42e50970, 0x42e50a00, 0x43710000)
No shared spaces configured.
}
Event: 3.425 GC heap before
{Heap before GC invocations=37 (full 3):
 def new generation   total 24256K, used 24256K [0x02b10000, 0x04560000, 0x18060000)
  eden space 21568K, 100% used [0x02b10000, 0x04020000, 0x04020000)
  from space 2688K, 100% used [0x042c0000, 0x04560000, 0x04560000)
  to   space 2688K,   0% used [0x04020000, 0x04020000, 0x042c0000)
 tenured generation   total 53800K, used 44753K [0x18060000, 0x1b4ea000, 0x42b10000)
   the space 53800K,  83% used [0x18060000, 0x1ac14798, 0x1ac14800, 0x1b4ea000)
 compacting perm gen  total 12288K, used 3330K [0x42b10000, 0x43710000, 0x46b10000)
   the space 12288K,  27% used [0x42b10000, 0x42e50970, 0x42e50a00, 0x43710000)
No shared spaces configured.
Event: 3.448 GC heap after
Heap after GC invocations=38 (full 3):
 def new generation   total 24256K, used 2688K [0x02b10000, 0x04560000, 0x18060000)
  eden space 21568K,   0% used [0x02b10000, 0x02b10000, 0x04020000)
  from space 2688K, 100% used [0x04020000, 0x042c0000, 0x042c0000)
  to   space 2688K,   0% used [0x042c0000, 0x042c0000, 0x04560000)
 tenured generation   total 53800K, used 47894K [0x18060000, 0x1b4ea000, 0x42b10000)
   the space 53800K,  89% used [0x18060000, 0x1af25920, 0x1af25a00, 0x1b4ea000)
 compacting perm gen  total 12288K, used 3330K [0x42b10000, 0x43710000, 0x46b10000)
   the space 12288K,  27% used [0x42b10000, 0x42e50970, 0x42e50a00, 0x43710000)
No shared spaces configured.
}
Event: 3.585 GC heap before
{Heap before GC invocations=38 (full 3):
 def new generation   total 24256K, used 24256K [0x02b10000, 0x04560000, 0x18060000)
  eden space 21568K, 100% used [0x02b10000, 0x04020000, 0x04020000)
  from space 2688K, 100% used [0x04020000, 0x042c0000, 0x042c0000)
  to   space 2688K,   0% used [0x042c0000, 0x042c0000, 0x04560000)
 tenured generation   total 53800K, used 47894K [0x18060000, 0x1b4ea000, 0x42b10000)
   the space 53800K,  89% used [0x18060000, 0x1af25920, 0x1af25a00, 0x1b4ea000)
 compacting perm gen  total 12288K, used 3330K [0x42b10000, 0x43710000, 0x46b10000)
   the space 12288K,  27% used [0x42b10000, 0x42e50970, 0x42e50a00, 0x43710000)
No shared spaces configured.
Event: 3.614 GC heap after
Heap after GC invocations=39 (full 3):
 def new generation   total 24256K, used 2688K [0x02b10000, 0x04560000, 0x18060000)
  eden space 21568K,   0% used [0x02b10000, 0x02b10000, 0x04020000)
  from space 2688K, 100% used [0x042c0000, 0x04560000, 0x04560000)
  to   space 2688K,   0% used [0x04020000, 0x04020000, 0x042c0000)
 tenured generation   total 53800K, used 51523K [0x18060000, 0x1b4ea000, 0x42b10000)
   the space 53800K,  95% used [0x18060000, 0x1b2b0c98, 0x1b2b0e00, 0x1b4ea000)
 compacting perm gen  total 12288K, used 3330K [0x42b10000, 0x43710000, 0x46b10000)
   the space 12288K,  27% used [0x42b10000, 0x42e50970, 0x42e50a00, 0x43710000)
No shared spaces configured.
}
Event: 3.695 GC heap before
{Heap before GC invocations=39 (full 3):
 def new generation   total 24256K, used 24256K [0x02b10000, 0x04560000, 0x18060000)
  eden space 21568K, 100% used [0x02b10000, 0x04020000, 0x04020000)
  from space 2688K, 100% used [0x042c0000, 0x04560000, 0x04560000)
  to   space 2688K,   0% used [0x04020000, 0x04020000, 0x042c0000)
 tenured generation   total 53800K, used 51523K [0x18060000, 0x1b4ea000, 0x42b10000)
   the space 53800K,  95% used [0x18060000, 0x1b2b0c98, 0x1b2b0e00, 0x1b4ea000)
 compacting perm gen  total 12288K, used 3330K [0x42b10000, 0x43710000, 0x46b10000)
   the space 12288K,  27% used [0x42b10000, 0x42e50980, 0x42e50a00, 0x43710000)
No shared spaces configured.

Deoptimization events (0 events):
No events

Internal exceptions (10 events):
Event: 0.599 Thread 0x003c8800 Threw 0x02e21180 at C:\jdk7u1_32P\jdk7u11\hotspot\src\share\vm\prims\jvm.cpp:1166
Event: 0.602 Thread 0x48e9bc00 Threw 0x02e7f568 at C:\jdk7u1_32P\jdk7u11\hotspot\src\share\vm\prims\jvm.cpp:1166
Event: 0.635 Thread 0x48e9bc00 Threw 0x02b31cd0 at C:\jdk7u1_32P\jdk7u11\hotspot\src\share\vm\prims\jvm.cpp:1166
Event: 0.668 Thread 0x48e84000 Threw 0x02cc0f88 at C:\jdk7u1_32P\jdk7u11\hotspot\src\share\vm\prims\jvm.cpp:1166
Event: 0.892 Thread 0x003c8800 Threw 0x02e17a68 at C:\jdk7u1_32P\jdk7u11\hotspot\src\share\vm\prims\jvm.cpp:1166
Event: 0.999 Thread 0x003c8800 Threw 0x02ce8348 at C:\jdk7u1_32P\jdk7u11\hotspot\src\share\vm\prims\jvm.cpp:1166
Event: 1.723 Thread 0x003c8800 Threw 0x02f9fd18 at C:\jdk7u1_32P\jdk7u11\hotspot\src\share\vm\prims\jvm.cpp:1166
Event: 2.849 Thread 0x48e84000 Threw 0x0316c7c8 at C:\jdk7u1_32P\jdk7u11\hotspot\src\share\vm\prims\jvm.cpp:1166
Event: 2.850 Thread 0x48e84000 Threw 0x0316ea98 at C:\jdk7u1_32P\jdk7u11\hotspot\src\share\vm\prims\jvm.cpp:1166
Event: 2.850 Thread 0x48e84000 Threw 0x03171520 at C:\jdk7u1_32P\jdk7u11\hotspot\src\share\vm\prims\jvm.cpp:1166

Events (10 events):
Event: 3.140 Executing VM operation: GenCollectForAllocation done
Event: 3.228 Executing VM operation: GenCollectForAllocation
Event: 3.250 Executing VM operation: GenCollectForAllocation done
Event: 3.337 Executing VM operation: GenCollectForAllocation
Event: 3.360 Executing VM operation: GenCollectForAllocation done
Event: 3.425 Executing VM operation: GenCollectForAllocation
Event: 3.448 Executing VM operation: GenCollectForAllocation done
Event: 3.585 Executing VM operation: GenCollectForAllocation
Event: 3.614 Executing VM operation: GenCollectForAllocation done
Event: 3.695 Executing VM operation: GenCollectForAllocation


Dynamic libraries:
0x00400000 - 0x0043a000 	C:\Program Files\Java\jdk1.7.0_11\bin\java.exe
0x7c900000 - 0x7c9af000 	C:\WINDOWS\system32\ntdll.dll
0x7c800000 - 0x7c8f6000 	C:\WINDOWS\system32\kernel32.dll
0x77dd0000 - 0x77e6b000 	C:\WINDOWS\system32\ADVAPI32.dll
0x77e70000 - 0x77f02000 	C:\WINDOWS\system32\RPCRT4.dll
0x77fe0000 - 0x77ff1000 	C:\WINDOWS\system32\Secur32.dll
0x7e410000 - 0x7e4a1000 	C:\WINDOWS\system32\USER32.dll
0x77f10000 - 0x77f59000 	C:\WINDOWS\system32\GDI32.dll
0x773d0000 - 0x774d3000 	C:\WINDOWS\WinSxS\x86_Microsoft.Windows.Common-Controls_6595b64144ccf1df_6.0.2600.5512_x-ww_35d4ce83\COMCTL32.dll
0x77c10000 - 0x77c68000 	C:\WINDOWS\system32\msvcrt.dll
0x77f60000 - 0x77fd6000 	C:\WINDOWS\system32\SHLWAPI.dll
0x78aa0000 - 0x78b5e000 	C:\Program Files\Java\jdk1.7.0_11\jre\bin\msvcr100.dll
0x6e8d0000 - 0x6ec1c000 	C:\Program Files\Java\jdk1.7.0_11\jre\bin\client\jvm.dll
0x71ad0000 - 0x71ad9000 	C:\WINDOWS\system32\WSOCK32.dll
0x71ab0000 - 0x71ac7000 	C:\WINDOWS\system32\WS2_32.dll
0x71aa0000 - 0x71aa8000 	C:\WINDOWS\system32\WS2HELP.dll
0x76b40000 - 0x76b6d000 	C:\WINDOWS\system32\WINMM.dll
0x76bf0000 - 0x76bfb000 	C:\WINDOWS\system32\PSAPI.DLL
0x6e820000 - 0x6e82c000 	C:\Program Files\Java\jdk1.7.0_11\jre\bin\verify.dll
0x6d5a0000 - 0x6d5c0000 	C:\Program Files\Java\jdk1.7.0_11\jre\bin\java.dll
0x6e8b0000 - 0x6e8c3000 	C:\Program Files\Java\jdk1.7.0_11\jre\bin\zip.dll
0x59a60000 - 0x59b01000 	C:\WINDOWS\system32\dbghelp.dll
0x77c00000 - 0x77c08000 	C:\WINDOWS\system32\VERSION.dll

VM Arguments:
jvm_args: -Djava.awt.headless=true -Xmx1024M -Dfile.encoding=windows-1252 -Duser.country=US -Duser.language=en -Duser.variant 
java_command: com.android.dx.command.Main --dex --num-threads=4 --output D:\Project\Java\deploy\build\intermediates\pre-dexed\debug\debug_ec0aec275799f5924e042885220e7935ad8ac59d.jar D:\Project\Java\deploy\build\intermediates\classes\debug
Launcher Type: SUN_STANDARD

Environment Variables:
CLASSPATH=D:\PROGRA~1\Android\ANDROI~1\gradle\gradle-2.8\bin\..\lib\gradle-launcher-2.8.jar
PATH=C:\WINDOWS\system32;C:\WINDOWS;C:\WINDOWS\System32\Wbem
USERNAME=Administrator
OS=Windows_NT
PROCESSOR_IDENTIFIER=x86 Family 6 Model 23 Stepping 10, GenuineIntel



---------------  S Y S T E M  ---------------

OS: Windows XP Build 2600 Service Pack 3

CPU:total 2 (2 cores per cpu, 1 threads per core) family 6 model 23 stepping 10, cmov, cx8, fxsr, mmx, sse, sse2, sse3, ssse3, tsc

Memory: 4k page, physical 3072876k(1346916k free), swap 4366140k(2293048k free)

vm_info: Java HotSpot(TM) Client VM (23.6-b04) for windows-x86 JRE (1.7.0_11-b21), built on Jan 12 2013 02:19:22 by "java_re" with unknown MS VC++:1600

time: Sat Aug 19 22:01:50 2017
elapsed time: 3 seconds

